<?xml version="1.0" encoding="UTF-8"?>
<testng-results ignored="0" total="1" passed="1" failed="0" skipped="0">
  <reporter-output>
  </reporter-output>
  <suite started-at="2025-09-05T23:27:22 IST" name="AutomationSuite" finished-at="2025-09-05T23:27:28 IST" duration-ms="6627">
    <groups>
    </groups>
    <test started-at="2025-09-05T23:27:22 IST" name="Login Tests" finished-at="2025-09-05T23:27:28 IST" duration-ms="6627">
      <class name="tests.LoginTests">
        <test-method is-config="true" signature="setUp()[pri:0, instance:tests.LoginTests@3ce1e309]" started-at="2025-09-05T23:27:22 IST" name="setUp" finished-at="2025-09-05T23:27:25 IST" duration-ms="3256" status="PASS">
          <reporter-output>
          </reporter-output>
        </test-method> <!-- setUp -->
        <test-method signature="testValidLogin()[pri:0, instance:tests.LoginTests@3ce1e309]" started-at="2025-09-05T23:27:25 IST" name="testValidLogin" finished-at="2025-09-05T23:27:28 IST" duration-ms="3080" status="PASS">
          <reporter-output>
          </reporter-output>
        </test-method> <!-- testValidLogin -->
        <test-method is-config="true" signature="tearDown()[pri:0, instance:tests.LoginTests@3ce1e309]" started-at="2025-09-05T23:27:28 IST" name="tearDown" finished-at="2025-09-05T23:27:28 IST" duration-ms="230" status="PASS">
          <reporter-output>
          </reporter-output>
        </test-method> <!-- tearDown -->
      </class> <!-- tests.LoginTests -->
    </test> <!-- Login Tests -->
  </suite> <!-- AutomationSuite -->
</testng-results>
