<?xml version="1.0" encoding="UTF-8"?>
<testng-results ignored="0" total="1" passed="1" failed="0" skipped="0">
  <reporter-output>
  </reporter-output>
  <suite started-at="2025-09-04T10:06:47 IST" name="AutomationSuite" finished-at="2025-09-04T10:06:58 IST" duration-ms="10402">
    <groups>
    </groups>
    <test started-at="2025-09-04T10:06:47 IST" name="Login Tests" finished-at="2025-09-04T10:06:58 IST" duration-ms="10402">
      <class name="tests.LoginTests">
        <test-method is-config="true" signature="setUp()[pri:0, instance:tests.LoginTests@4466af20]" started-at="2025-09-04T10:06:47 IST" name="setUp" finished-at="2025-09-04T10:06:54 IST" duration-ms="6793" status="PASS">
          <reporter-output>
          </reporter-output>
        </test-method> <!-- setUp -->
        <test-method signature="testValidLogin()[pri:0, instance:tests.LoginTests@4466af20]" started-at="2025-09-04T10:06:54 IST" name="testValidLogin" finished-at="2025-09-04T10:06:57 IST" duration-ms="3261" status="PASS">
          <reporter-output>
          </reporter-output>
        </test-method> <!-- testValidLogin -->
        <test-method is-config="true" signature="tearDown()[pri:0, instance:tests.LoginTests@4466af20]" started-at="2025-09-04T10:06:57 IST" name="tearDown" finished-at="2025-09-04T10:06:58 IST" duration-ms="270" status="PASS">
          <reporter-output>
          </reporter-output>
        </test-method> <!-- tearDown -->
      </class> <!-- tests.LoginTests -->
    </test> <!-- Login Tests -->
  </suite> <!-- AutomationSuite -->
</testng-results>
