<?xml version="1.0" encoding="UTF-8"?>
<testng-results ignored="0" total="1" passed="1" failed="0" skipped="0">
  <reporter-output>
  </reporter-output>
  <suite started-at="2025-09-16T11:29:27 IST" name="AutomationSuite" finished-at="2025-09-16T11:29:37 IST" duration-ms="10534">
    <groups>
    </groups>
    <test started-at="2025-09-16T11:29:27 IST" name="Login Tests" finished-at="2025-09-16T11:29:37 IST" duration-ms="10534">
      <class name="tests.LoginTests">
        <test-method is-config="true" signature="setUp()[pri:0, instance:tests.LoginTests@67d48005]" started-at="2025-09-16T11:29:27 IST" name="setUp" finished-at="2025-09-16T11:29:32 IST" duration-ms="5231" status="PASS">
          <reporter-output>
          </reporter-output>
        </test-method> <!-- setUp -->
        <test-method signature="testValidLogin()[pri:0, instance:tests.LoginTests@67d48005]" started-at="2025-09-16T11:29:32 IST" name="testValidLogin" finished-at="2025-09-16T11:29:37 IST" duration-ms="4513" status="PASS">
          <reporter-output>
          </reporter-output>
        </test-method> <!-- testValidLogin -->
        <test-method is-config="true" signature="tearDown()[pri:0, instance:tests.LoginTests@67d48005]" started-at="2025-09-16T11:29:37 IST" name="tearDown" finished-at="2025-09-16T11:29:37 IST" duration-ms="259" status="PASS">
          <reporter-output>
          </reporter-output>
        </test-method> <!-- tearDown -->
      </class> <!-- tests.LoginTests -->
    </test> <!-- Login Tests -->
  </suite> <!-- AutomationSuite -->
</testng-results>
